{"total": {"lines":{"total":920,"covered":543,"skipped":0,"pct":59.02},"statements":{"total":928,"covered":544,"skipped":0,"pct":58.62},"functions":{"total":75,"covered":41,"skipped":0,"pct":54.66},"branches":{"total":596,"covered":259,"skipped":0,"pct":43.45},"branchesTrue":{"total":0,"covered":0,"skipped":0,"pct":100}}
,"/Users/user/programing/web/MaintenanceSystemApp/backend/app.js": {"lines":{"total":92,"covered":60,"skipped":0,"pct":65.21},"functions":{"total":8,"covered":5,"skipped":0,"pct":62.5},"statements":{"total":94,"covered":60,"skipped":0,"pct":63.82},"branches":{"total":54,"covered":12,"skipped":0,"pct":22.22}}
,"/Users/user/programing/web/MaintenanceSystemApp/backend/config/db.js": {"lines":{"total":9,"covered":3,"skipped":0,"pct":33.33},"functions":{"total":1,"covered":0,"skipped":0,"pct":0},"statements":{"total":9,"covered":3,"skipped":0,"pct":33.33},"branches":{"total":0,"covered":0,"skipped":0,"pct":100}}
,"/Users/user/programing/web/MaintenanceSystemApp/backend/controllers/authController.js": {"lines":{"total":110,"covered":52,"skipped":0,"pct":47.27},"functions":{"total":8,"covered":4,"skipped":0,"pct":50},"statements":{"total":110,"covered":52,"skipped":0,"pct":47.27},"branches":{"total":92,"covered":45,"skipped":0,"pct":48.91}}
,"/Users/user/programing/web/MaintenanceSystemApp/backend/controllers/equipmentController.js": {"lines":{"total":207,"covered":87,"skipped":0,"pct":42.02},"functions":{"total":19,"covered":11,"skipped":0,"pct":57.89},"statements":{"total":210,"covered":88,"skipped":0,"pct":41.9},"branches":{"total":131,"covered":37,"skipped":0,"pct":28.24}}
,"/Users/user/programing/web/MaintenanceSystemApp/backend/controllers/faultController.js": {"lines":{"total":121,"covered":78,"skipped":0,"pct":64.46},"functions":{"total":11,"covered":6,"skipped":0,"pct":54.54},"statements":{"total":124,"covered":78,"skipped":0,"pct":62.9},"branches":{"total":126,"covered":72,"skipped":0,"pct":57.14}}
,"/Users/user/programing/web/MaintenanceSystemApp/backend/controllers/maintenanceController.js": {"lines":{"total":47,"covered":23,"skipped":0,"pct":48.93},"functions":{"total":4,"covered":2,"skipped":0,"pct":50},"statements":{"total":47,"covered":23,"skipped":0,"pct":48.93},"branches":{"total":29,"covered":14,"skipped":0,"pct":48.27}}
,"/Users/user/programing/web/MaintenanceSystemApp/backend/controllers/partController.js": {"lines":{"total":61,"covered":29,"skipped":0,"pct":47.54},"functions":{"total":5,"covered":3,"skipped":0,"pct":60},"statements":{"total":61,"covered":29,"skipped":0,"pct":47.54},"branches":{"total":42,"covered":15,"skipped":0,"pct":35.71}}
,"/Users/user/programing/web/MaintenanceSystemApp/backend/controllers/toolController.js": {"lines":{"total":1,"covered":1,"skipped":0,"pct":100},"functions":{"total":0,"covered":0,"skipped":0,"pct":100},"statements":{"total":1,"covered":1,"skipped":0,"pct":100},"branches":{"total":0,"covered":0,"skipped":0,"pct":100}}
,"/Users/user/programing/web/MaintenanceSystemApp/backend/controllers/userController.js": {"lines":{"total":66,"covered":34,"skipped":0,"pct":51.51},"functions":{"total":4,"covered":3,"skipped":0,"pct":75},"statements":{"total":66,"covered":34,"skipped":0,"pct":51.51},"branches":{"total":49,"covered":26,"skipped":0,"pct":53.06}}
,"/Users/user/programing/web/MaintenanceSystemApp/backend/middleware/authMiddleware.js": {"lines":{"total":28,"covered":25,"skipped":0,"pct":89.28},"functions":{"total":3,"covered":3,"skipped":0,"pct":100},"statements":{"total":28,"covered":25,"skipped":0,"pct":89.28},"branches":{"total":24,"covered":22,"skipped":0,"pct":91.66}}
,"/Users/user/programing/web/MaintenanceSystemApp/backend/middleware/uploadMiddleware.js": {"lines":{"total":19,"covered":9,"skipped":0,"pct":47.36},"functions":{"total":3,"covered":0,"skipped":0,"pct":0},"statements":{"total":19,"covered":9,"skipped":0,"pct":47.36},"branches":{"total":6,"covered":1,"skipped":0,"pct":16.66}}
,"/Users/user/programing/web/MaintenanceSystemApp/backend/middleware/validationMiddleware.js": {"lines":{"total":9,"covered":9,"skipped":0,"pct":100},"functions":{"total":2,"covered":2,"skipped":0,"pct":100},"statements":{"total":9,"covered":9,"skipped":0,"pct":100},"branches":{"total":6,"covered":5,"skipped":0,"pct":83.33}}
,"/Users/user/programing/web/MaintenanceSystemApp/backend/models/Company.js": {"lines":{"total":3,"covered":3,"skipped":0,"pct":100},"functions":{"total":0,"covered":0,"skipped":0,"pct":100},"statements":{"total":3,"covered":3,"skipped":0,"pct":100},"branches":{"total":0,"covered":0,"skipped":0,"pct":100}}
,"/Users/user/programing/web/MaintenanceSystemApp/backend/models/Equipment.js": {"lines":{"total":7,"covered":7,"skipped":0,"pct":100},"functions":{"total":0,"covered":0,"skipped":0,"pct":100},"statements":{"total":7,"covered":7,"skipped":0,"pct":100},"branches":{"total":4,"covered":3,"skipped":0,"pct":75}}
,"/Users/user/programing/web/MaintenanceSystemApp/backend/models/Fault.js": {"lines":{"total":6,"covered":6,"skipped":0,"pct":100},"functions":{"total":0,"covered":0,"skipped":0,"pct":100},"statements":{"total":6,"covered":6,"skipped":0,"pct":100},"branches":{"total":0,"covered":0,"skipped":0,"pct":100}}
,"/Users/user/programing/web/MaintenanceSystemApp/backend/models/Maintenance.js": {"lines":{"total":5,"covered":5,"skipped":0,"pct":100},"functions":{"total":0,"covered":0,"skipped":0,"pct":100},"statements":{"total":5,"covered":5,"skipped":0,"pct":100},"branches":{"total":0,"covered":0,"skipped":0,"pct":100}}
,"/Users/user/programing/web/MaintenanceSystemApp/backend/models/Part.js": {"lines":{"total":4,"covered":4,"skipped":0,"pct":100},"functions":{"total":0,"covered":0,"skipped":0,"pct":100},"statements":{"total":4,"covered":4,"skipped":0,"pct":100},"branches":{"total":0,"covered":0,"skipped":0,"pct":100}}
,"/Users/user/programing/web/MaintenanceSystemApp/backend/models/Tool.js": {"lines":{"total":1,"covered":1,"skipped":0,"pct":100},"functions":{"total":0,"covered":0,"skipped":0,"pct":100},"statements":{"total":1,"covered":1,"skipped":0,"pct":100},"branches":{"total":0,"covered":0,"skipped":0,"pct":100}}
,"/Users/user/programing/web/MaintenanceSystemApp/backend/models/User.js": {"lines":{"total":3,"covered":3,"skipped":0,"pct":100},"functions":{"total":0,"covered":0,"skipped":0,"pct":100},"statements":{"total":3,"covered":3,"skipped":0,"pct":100},"branches":{"total":0,"covered":0,"skipped":0,"pct":100}}
,"/Users/user/programing/web/MaintenanceSystemApp/backend/routes/adminRoutes.js": {"lines":{"total":20,"covered":20,"skipped":0,"pct":100},"functions":{"total":0,"covered":0,"skipped":0,"pct":100},"statements":{"total":20,"covered":20,"skipped":0,"pct":100},"branches":{"total":0,"covered":0,"skipped":0,"pct":100}}
,"/Users/user/programing/web/MaintenanceSystemApp/backend/routes/authRoutes.js": {"lines":{"total":15,"covered":15,"skipped":0,"pct":100},"functions":{"total":0,"covered":0,"skipped":0,"pct":100},"statements":{"total":15,"covered":15,"skipped":0,"pct":100},"branches":{"total":0,"covered":0,"skipped":0,"pct":100}}
,"/Users/user/programing/web/MaintenanceSystemApp/backend/routes/equipmentRoutes.js": {"lines":{"total":22,"covered":22,"skipped":0,"pct":100},"functions":{"total":0,"covered":0,"skipped":0,"pct":100},"statements":{"total":22,"covered":22,"skipped":0,"pct":100},"branches":{"total":0,"covered":0,"skipped":0,"pct":100}}
,"/Users/user/programing/web/MaintenanceSystemApp/backend/routes/faultRoutes.js": {"lines":{"total":16,"covered":16,"skipped":0,"pct":100},"functions":{"total":0,"covered":0,"skipped":0,"pct":100},"statements":{"total":16,"covered":16,"skipped":0,"pct":100},"branches":{"total":0,"covered":0,"skipped":0,"pct":100}}
,"/Users/user/programing/web/MaintenanceSystemApp/backend/routes/maintenanceRoutes.js": {"lines":{"total":11,"covered":11,"skipped":0,"pct":100},"functions":{"total":0,"covered":0,"skipped":0,"pct":100},"statements":{"total":11,"covered":11,"skipped":0,"pct":100},"branches":{"total":0,"covered":0,"skipped":0,"pct":100}}
,"/Users/user/programing/web/MaintenanceSystemApp/backend/routes/partRoutes.js": {"lines":{"total":11,"covered":11,"skipped":0,"pct":100},"functions":{"total":0,"covered":0,"skipped":0,"pct":100},"statements":{"total":11,"covered":11,"skipped":0,"pct":100},"branches":{"total":0,"covered":0,"skipped":0,"pct":100}}
,"/Users/user/programing/web/MaintenanceSystemApp/backend/routes/toolRoutes.js": {"lines":{"total":1,"covered":1,"skipped":0,"pct":100},"functions":{"total":0,"covered":0,"skipped":0,"pct":100},"statements":{"total":1,"covered":1,"skipped":0,"pct":100},"branches":{"total":0,"covered":0,"skipped":0,"pct":100}}
,"/Users/user/programing/web/MaintenanceSystemApp/backend/utils/logger.js": {"lines":{"total":25,"covered":8,"skipped":0,"pct":32},"functions":{"total":7,"covered":2,"skipped":0,"pct":28.57},"statements":{"total":25,"covered":8,"skipped":0,"pct":32},"branches":{"total":33,"covered":7,"skipped":0,"pct":21.21}}
}
